<?xml version="1.0" encoding="UTF-8"?>
<!-- Generated by org.testng.reporters.JUnitReportReporter -->
<testsuite hostname="DESKTOP-SUU1T5N" failures="0" tests="6" name="pl.wm.test.RestApiTests" time="16.397" errors="0" timestamp="2023-11-28T18:42:22 CET" skipped="0">
  <testcase classname="pl.wm.test.RestApiTests" name="lastNameShouldBe_Wong" time="10.562"/>
  <testcase classname="pl.wm.test.RestApiTests" name="verifyHeadersAreSent" time="1.746"/>
  <testcase classname="pl.wm.test.RestApiTests" name="verifyResponseContentTypeAndCharset" time="1.004"/>
  <testcase classname="pl.wm.test.RestApiTests" name="serverShouldReturn_200" time="0.204"/>
  <testcase classname="pl.wm.test.RestApiTests" name="validateResponseJsonObjects" time="1.461"/>
  <testcase classname="pl.wm.test.RestApiTests" name="verifySumOfResponseObjects" time="1.420"/>
</testsuite> <!-- pl.wm.test.RestApiTests -->
